0 info it worked if it ends with ok
1 verbose cli [ '/Users/robertsmith/.nvm/versions/node/v6.6.0/bin/node',
1 verbose cli   '/Users/robertsmith/.nvm/versions/node/v6.6.0/bin/npm',
1 verbose cli   'run',
1 verbose cli   'lint' ]
2 info using npm@3.10.3
3 info using node@v6.6.0
4 verbose run-script [ 'prelint', 'lint', 'postlint' ]
5 info lifecycle recursive-functions@1.0.0~prelint: recursive-functions@1.0.0
6 silly lifecycle recursive-functions@1.0.0~prelint: no script for prelint, continuing
7 info lifecycle recursive-functions@1.0.0~lint: recursive-functions@1.0.0
8 verbose lifecycle recursive-functions@1.0.0~lint: unsafe-perm in lifecycle true
9 verbose lifecycle recursive-functions@1.0.0~lint: PATH: /Users/robertsmith/.nvm/versions/node/v6.6.0/lib/node_modules/npm/bin/node-gyp-bin:/Applications/MAMP/htdocs/personal/recursive-functions/node_modules/.bin:/Users/robertsmith/.nvm/versions/node/v6.6.0/bin:/Applications/MAMP/htdocs/personal/recursive-functions/node_modules/.bin:/Users/robertsmith/.config/yarn/link/node_modules/.bin:/Applications/MAMP/htdocs/personal/recursive-functions/node_modules/.bin:/Users/robertsmith/.config/yarn/link/node_modules/.bin:/Users/robertsmith/.nvm/versions/node/v6.6.0/lib/node_modules/yarn/bin/node-gyp-bin:/Users/robertsmith/.nvm/versions/node/v6.6.0/bin:/usr/local/bin:/usr/bin:/bin:/usr/sbin:/sbin:/usr/local/git/bin
10 verbose lifecycle recursive-functions@1.0.0~lint: CWD: /Applications/MAMP/htdocs/personal/recursive-functions
11 silly lifecycle recursive-functions@1.0.0~lint: Args: [ '-c', 'eslint functions/' ]
12 silly lifecycle recursive-functions@1.0.0~lint: Returned: code: 1  signal: null
13 info lifecycle recursive-functions@1.0.0~lint: Failed to exec lint script
14 verbose stack Error: recursive-functions@1.0.0 lint: `eslint functions/`
14 verbose stack Exit status 1
14 verbose stack     at EventEmitter.<anonymous> (/Users/robertsmith/.nvm/versions/node/v6.6.0/lib/node_modules/npm/lib/utils/lifecycle.js:242:16)
14 verbose stack     at emitTwo (events.js:106:13)
14 verbose stack     at EventEmitter.emit (events.js:191:7)
14 verbose stack     at ChildProcess.<anonymous> (/Users/robertsmith/.nvm/versions/node/v6.6.0/lib/node_modules/npm/lib/utils/spawn.js:40:14)
14 verbose stack     at emitTwo (events.js:106:13)
14 verbose stack     at ChildProcess.emit (events.js:191:7)
14 verbose stack     at maybeClose (internal/child_process.js:877:16)
14 verbose stack     at Process.ChildProcess._handle.onexit (internal/child_process.js:226:5)
15 verbose pkgid recursive-functions@1.0.0
16 verbose cwd /Applications/MAMP/htdocs/personal/recursive-functions
17 error Darwin 14.3.0
18 error argv "/Users/robertsmith/.nvm/versions/node/v6.6.0/bin/node" "/Users/robertsmith/.nvm/versions/node/v6.6.0/bin/npm" "run" "lint"
19 error node v6.6.0
20 error npm  v3.10.3
21 error code ELIFECYCLE
22 error recursive-functions@1.0.0 lint: `eslint functions/`
22 error Exit status 1
23 error Failed at the recursive-functions@1.0.0 lint script 'eslint functions/'.
23 error Make sure you have the latest version of node.js and npm installed.
23 error If you do, this is most likely a problem with the recursive-functions package,
23 error not with npm itself.
23 error Tell the author that this fails on your system:
23 error     eslint functions/
23 error You can get information on how to open an issue for this project with:
23 error     npm bugs recursive-functions
23 error Or if that isn't available, you can get their info via:
23 error     npm owner ls recursive-functions
23 error There is likely additional logging output above.
24 verbose exit [ 1, true ]
